<?xml version="1.0" encoding="UTF-8"?>
<testsuite xmlns:xsi="http://www.w3.org/2001/XMLSchema-instance" xsi:noNamespaceSchemaLocation="https://maven.apache.org/surefire/maven-surefire-plugin/xsd/surefire-test-report.xsd" name="ec.edu.ups.est.examen.ExamenApplicationTests" time="0.365" tests="1" errors="1" skipped="0" failures="0">
  <properties>
[...]
</properties>
  <testcase name="ec.edu.ups.est.examen.ExamenApplicationTests" classname="ec.edu.ups.est.examen.ExamenApplicationTests" time="0.363">
    <error message="Failed to read candidate component class: file [C:\Users\59399\Documents\ejemplo\crudBACK-master\ec.ups.edu.est.examen\target\test-classes\ec\edu\ups\est\examen\ExamenApplicationTests.class]; nested exception is org.springframework.core.NestedIOException: ASM ClassReader failed to parse class file - probably due to a new Java class file version that isn&apos;t supported yet: file [C:\Users\59399\Documents\ejemplo\crudBACK-master\ec.ups.edu.est.examen\target\test-classes\ec\edu\ups\est\examen\ExamenApplicationTests.class]; nested exception is java.lang.IllegalArgumentException: Unsupported class file major version 61" type="org.springframework.beans.factory.BeanDefinitionStoreException">org.springframework.beans.factory.BeanDefinitionStoreException: Failed to read candidate component class: file [C:\Users\59399\Documents\ejemplo\crudBACK-master\ec.ups.edu.est.examen\target\test-classes\ec\edu\ups\est\examen\ExamenApplicationTests.class]; nested exception is org.springframework.core.NestedIOException: ASM ClassReader failed to parse class file - probably due to a new Java class file version that isn't supported yet: file [C:\Users\59399\Documents\ejemplo\crudBACK-master\ec.ups.edu.est.examen\target\test-classes\ec\edu\ups\est\examen\ExamenApplicationTests.class]; nested exception is java.lang.IllegalArgumentException: Unsupported class file major version 61
Caused by: org.springframework.core.NestedIOException: ASM ClassReader failed to parse class file - probably due to a new Java class file version that isn't supported yet: file [C:\Users\59399\Documents\ejemplo\crudBACK-master\ec.ups.edu.est.examen\target\test-classes\ec\edu\ups\est\examen\ExamenApplicationTests.class]; nested exception is java.lang.IllegalArgumentException: Unsupported class file major version 61
Caused by: java.lang.IllegalArgumentException: Unsupported class file major version 61
</error>
    <system-out><![CDATA[17:14:34.609 [main] DEBUG org.springframework.test.context.BootstrapUtils - Instantiating CacheAwareContextLoaderDelegate from class [org.springframework.test.context.cache.DefaultCacheAwareContextLoaderDelegate]
17:14:34.632 [main] DEBUG org.springframework.test.context.BootstrapUtils - Instantiating BootstrapContext using constructor [public org.springframework.test.context.support.DefaultBootstrapContext(java.lang.Class,org.springframework.test.context.CacheAwareContextLoaderDelegate)]
17:14:34.671 [main] DEBUG org.springframework.test.context.BootstrapUtils - Instantiating TestContextBootstrapper for test class [ec.edu.ups.est.examen.ExamenApplicationTests] from class [org.springframework.boot.test.context.SpringBootTestContextBootstrapper]
17:14:34.688 [main] INFO org.springframework.boot.test.context.SpringBootTestContextBootstrapper - Neither @ContextConfiguration nor @ContextHierarchy found for test class [ec.edu.ups.est.examen.ExamenApplicationTests], using SpringBootContextLoader
17:14:34.693 [main] DEBUG org.springframework.test.context.support.AbstractContextLoader - Did not detect default resource location for test class [ec.edu.ups.est.examen.ExamenApplicationTests]: class path resource [ec/edu/ups/est/examen/ExamenApplicationTests-context.xml] does not exist
17:14:34.694 [main] DEBUG org.springframework.test.context.support.AbstractContextLoader - Did not detect default resource location for test class [ec.edu.ups.est.examen.ExamenApplicationTests]: class path resource [ec/edu/ups/est/examen/ExamenApplicationTestsContext.groovy] does not exist
17:14:34.694 [main] INFO org.springframework.test.context.support.AbstractContextLoader - Could not detect default resource locations for test class [ec.edu.ups.est.examen.ExamenApplicationTests]: no resource found for suffixes {-context.xml, Context.groovy}.
17:14:34.695 [main] INFO org.springframework.test.context.support.AnnotationConfigContextLoaderUtils - Could not detect default configuration classes for test class [ec.edu.ups.est.examen.ExamenApplicationTests]: ExamenApplicationTests does not declare any static, non-private, non-final, nested classes annotated with @Configuration.
17:14:34.755 [main] DEBUG org.springframework.test.context.support.ActiveProfilesUtils - Could not find an 'annotation declaring class' for annotation type [org.springframework.test.context.ActiveProfiles] and class [ec.edu.ups.est.examen.ExamenApplicationTests]
17:14:34.815 [main] DEBUG org.springframework.test.context.BootstrapUtils - Instantiating CacheAwareContextLoaderDelegate from class [org.springframework.test.context.cache.DefaultCacheAwareContextLoaderDelegate]
17:14:34.816 [main] DEBUG org.springframework.test.context.BootstrapUtils - Instantiating BootstrapContext using constructor [public org.springframework.test.context.support.DefaultBootstrapContext(java.lang.Class,org.springframework.test.context.CacheAwareContextLoaderDelegate)]
17:14:34.816 [main] DEBUG org.springframework.test.context.BootstrapUtils - Instantiating TestContextBootstrapper for test class [ec.edu.ups.est.examen.ExamenApplicationTests] from class [org.springframework.boot.test.context.SpringBootTestContextBootstrapper]
17:14:34.817 [main] INFO org.springframework.boot.test.context.SpringBootTestContextBootstrapper - Neither @ContextConfiguration nor @ContextHierarchy found for test class [ec.edu.ups.est.examen.ExamenApplicationTests], using SpringBootContextLoader
17:14:34.817 [main] DEBUG org.springframework.test.context.support.AbstractContextLoader - Did not detect default resource location for test class [ec.edu.ups.est.examen.ExamenApplicationTests]: class path resource [ec/edu/ups/est/examen/ExamenApplicationTests-context.xml] does not exist
17:14:34.818 [main] DEBUG org.springframework.test.context.support.AbstractContextLoader - Did not detect default resource location for test class [ec.edu.ups.est.examen.ExamenApplicationTests]: class path resource [ec/edu/ups/est/examen/ExamenApplicationTestsContext.groovy] does not exist
17:14:34.818 [main] INFO org.springframework.test.context.support.AbstractContextLoader - Could not detect default resource locations for test class [ec.edu.ups.est.examen.ExamenApplicationTests]: no resource found for suffixes {-context.xml, Context.groovy}.
17:14:34.819 [main] INFO org.springframework.test.context.support.AnnotationConfigContextLoaderUtils - Could not detect default configuration classes for test class [ec.edu.ups.est.examen.ExamenApplicationTests]: ExamenApplicationTests does not declare any static, non-private, non-final, nested classes annotated with @Configuration.
17:14:34.824 [main] DEBUG org.springframework.test.context.support.ActiveProfilesUtils - Could not find an 'annotation declaring class' for annotation type [org.springframework.test.context.ActiveProfiles] and class [ec.edu.ups.est.examen.ExamenApplicationTests]
17:14:34.832 [main] DEBUG org.springframework.test.context.BootstrapUtils - Instantiating CacheAwareContextLoaderDelegate from class [org.springframework.test.context.cache.DefaultCacheAwareContextLoaderDelegate]
17:14:34.832 [main] DEBUG org.springframework.test.context.BootstrapUtils - Instantiating BootstrapContext using constructor [public org.springframework.test.context.support.DefaultBootstrapContext(java.lang.Class,org.springframework.test.context.CacheAwareContextLoaderDelegate)]
17:14:34.833 [main] DEBUG org.springframework.test.context.BootstrapUtils - Instantiating TestContextBootstrapper for test class [ec.edu.ups.est.examen.ExamenApplicationTests] from class [org.springframework.boot.test.context.SpringBootTestContextBootstrapper]
17:14:34.836 [main] INFO org.springframework.boot.test.context.SpringBootTestContextBootstrapper - Neither @ContextConfiguration nor @ContextHierarchy found for test class [ec.edu.ups.est.examen.ExamenApplicationTests], using SpringBootContextLoader
17:14:34.838 [main] DEBUG org.springframework.test.context.support.AbstractContextLoader - Did not detect default resource location for test class [ec.edu.ups.est.examen.ExamenApplicationTests]: class path resource [ec/edu/ups/est/examen/ExamenApplicationTests-context.xml] does not exist
17:14:34.839 [main] DEBUG org.springframework.test.context.support.AbstractContextLoader - Did not detect default resource location for test class [ec.edu.ups.est.examen.ExamenApplicationTests]: class path resource [ec/edu/ups/est/examen/ExamenApplicationTestsContext.groovy] does not exist
17:14:34.839 [main] INFO org.springframework.test.context.support.AbstractContextLoader - Could not detect default resource locations for test class [ec.edu.ups.est.examen.ExamenApplicationTests]: no resource found for suffixes {-context.xml, Context.groovy}.
17:14:34.839 [main] INFO org.springframework.test.context.support.AnnotationConfigContextLoaderUtils - Could not detect default configuration classes for test class [ec.edu.ups.est.examen.ExamenApplicationTests]: ExamenApplicationTests does not declare any static, non-private, non-final, nested classes annotated with @Configuration.
17:14:34.843 [main] DEBUG org.springframework.test.context.support.ActiveProfilesUtils - Could not find an 'annotation declaring class' for annotation type [org.springframework.test.context.ActiveProfiles] and class [ec.edu.ups.est.examen.ExamenApplicationTests]
]]></system-out>
  </testcase>
</testsuite>